<?xml version="1.0" encoding="UTF-8"?>
<!-- Generated by org.testng.reporters.JUnitXMLReporter -->
<testsuite hostname="PHEGDE" name="FirefoxTest" tests="1" failures="0" timestamp="11 Feb 2016 15:26:54 GMT" time="51.78" errors="0">
  <testcase name="@BeforeClass beforeTest" time="0.0" classname="automationFramework.MultiBrowser">
    <failure type="org.openqa.selenium.WebDriverException" message="Failed to connect to binary FirefoxBinary(C:\Program Files (x86)\Mozilla Firefox\firefox.exe) on port 7055; process output follows: 
Lab&amp;quot;,&amp;quot;creator&amp;quot;:null,&amp;quot;homepageURL&amp;quot;:null},{&amp;quot;locales&amp;quot;:[&amp;quot;en&amp;quot;],&amp;quot;name&amp;quot;:&amp;quot;Kaspersky Protection&amp;quot;,&amp;quot;description&amp;quot;:&amp;quot;Your protection on the Internet with extension from Kaspersky Lab&amp;quot;,&amp;quot;creator&amp;quot;:null,&amp;quot;homepageURL&amp;quot;:null},{&amp;quot;locales&amp;quot;:[&amp;quot;es-MX&amp;quot;],&amp;quot;name&amp;quot;:&amp;quot;Kaspersky Protection&amp;quot;,&amp;quot;description&amp;quot;:&amp;quot;Su protecciÃ³n en Internet con la extensiÃ³n de Kaspersky Lab&amp;quot;,&amp;quot;creator&amp;quot;:null,&amp;quot;homepageURL&amp;quot;:null},{&amp;quot;locales&amp;quot;:[&amp;quot;et&amp;quot;],&amp;quot;name&amp;quot;:&amp;quot;Kaspersky Kaitse&amp;quot;,&amp;quot;description&amp;quot;:&amp;quot;Your protection on the Internet with extension from Kaspersky Lab&amp;quot;,&amp;quot;creator&amp;quot;:null,&amp;quot;homepageURL&amp;quot;:null},{&amp;quot;locales&amp;quot;:[&amp;quot;fi&amp;quot;],&amp;quot;name&amp;quot;:&amp;quot;Kaspersky Protection&amp;quot;,&amp;quot;description&amp;quot;:&amp;quot;Suojauksesi InternetissÃ¤ kÃ¤yttÃ¤en Kaspersky Labin laajennusta&amp;quot;,&amp;quot;creator&amp;quot;:null,&amp;quot;homepageURL&amp;quot;:null},{&amp;quot;locales&amp;quot;:[&amp;quot;fr&amp;quot;],&amp;quot;name&amp;quot;:&amp;quot;Kaspersky Protection&amp;quot;,&amp;quot;description&amp;quot;:&amp;quot;Votre protection sur Internet avec l\\&amp;quot;,&amp;quot;creator&amp;quot;:null,&amp;quot;homepageURL&amp;quot;:null},{&amp;quot;locales&amp;quot;:[&amp;quot;hu&amp;quot;],&amp;quot;name&amp;quot;:&amp;quot;Kaspersky vï¿½delem&amp;quot;,&amp;quot;description&amp;quot;:&amp;quot;Your protection on the Internet with extension from Kaspersky Lab&amp;quot;,&amp;quot;creator&amp;quot;:null,&amp;quot;homepageURL&amp;quot;:null},{&amp;quot;locales&amp;quot;:[&amp;quot;ja&amp;quot;],&amp;quot;name&amp;quot;:&amp;quot;ã‚«ã‚¹ãƒšãƒ«ã‚¹ã‚­ãƒ¼ ãƒ—ãƒ©ã‚°ã‚¤ãƒ³&amp;quot;,&amp;quot;description&amp;quot;:&amp;quot;ã‚¤ãƒ³ã‚¿ãƒ¼ãƒ�ãƒƒãƒˆã‚’å®‰å…¨ã�«ä½¿ç”¨ã�™ã‚‹ã�Ÿã‚�ã�® Kaspersky Lab ã�®æ‹¡å¼µæ©Ÿèƒ½&amp;quot;,&amp;quot;creator&amp;quot;:null,&amp;quot;homepageURL&amp;quot;:null},{&amp;quot;locales&amp;quot;:[&amp;quot;mk&amp;quot;],&amp;quot;name&amp;quot;:&amp;quot;Kaspersky Protection&amp;quot;,&amp;quot;description&amp;quot;:&amp;quot;Ð’Ð°ÑˆÐ° Ð·Ð°ÑˆÑ‚Ð¸Ñ‚Ð° Ð½Ð° Ð¸Ð½Ñ‚ÐµÑ€Ð½ÐµÑ‚ Ñ�Ð¾ Ð´Ð¾Ð´Ð°Ñ‚Ð¾Ðº Ð¾Ð´ Kaspersky Lab&amp;quot;,&amp;quot;creator&amp;quot;:null,&amp;quot;homepageURL&amp;quot;:null},{&amp;quot;locales&amp;quot;:[&amp;quot;nb&amp;quot;],&amp;quot;name&amp;quot;:&amp;quot;Kaspersky Protection&amp;quot;,&amp;quot;description&amp;quot;:&amp;quot;Din beskyttelse pÃ¥ Internett med utvidelsen fra Kaspersky Lab&amp;quot;,&amp;quot;creator&amp;quot;:null,&amp;quot;homepageURL&amp;quot;:null},{&amp;quot;locales&amp;quot;:[&amp;quot;nl&amp;quot;],&amp;quot;name&amp;quot;:&amp;quot;Kaspersky Bescherming&amp;quot;,&amp;quot;description&amp;quot;:&amp;quot;Uw bescherming op het internet met de extensie van Kaspersky Lab&amp;quot;,&amp;quot;creator&amp;quot;:null,&amp;quot;homepageURL&amp;quot;:null},{&amp;quot;locales&amp;quot;:[&amp;quot;pt-BR&amp;quot;],&amp;quot;name&amp;quot;:&amp;quot;ProteÃ§Ã£o Kaspersky&amp;quot;,&amp;quot;description&amp;quot;:&amp;quot;Sua proteÃ§Ã£o na Internet com a extensÃ£o da Kaspersky Lab&amp;quot;,&amp;quot;creator&amp;quot;:null,&amp;quot;homepageURL&amp;quot;:null},{&amp;quot;locales&amp;quot;:[&amp;quot;ru&amp;quot;],&amp;quot;name&amp;quot;:&amp;quot;Kaspersky Protection&amp;quot;,&amp;quot;description&amp;quot;:&amp;quot;Ð’Ð°ÑˆÐ° Ð·Ð°Ñ‰Ð¸Ñ‚Ð° Ð² Ð¸Ð½Ñ‚ÐµÑ€Ð½ÐµÑ‚Ðµ Ñ� Ñ€Ð°Ñ�ÑˆÐ¸Ñ€ÐµÐ½Ð¸ÐµÐ¼ Ð¾Ñ‚ \\\&amp;quot;Ð›Ð°Ð±Ð¾Ñ€Ð°Ñ‚Ð¾Ñ€Ð¸Ð¸ ÐšÐ°Ñ�Ð¿ÐµÑ€Ñ�ÐºÐ¾Ð³Ð¾\\\&amp;quot;&amp;quot;,&amp;quot;creator&amp;quot;:null,&amp;quot;homepageURL&amp;quot;:null},{&amp;quot;locales&amp;quot;:[&amp;quot;sv&amp;quot;],&amp;quot;name&amp;quot;:&amp;quot;Kaspersky Protection&amp;quot;,&amp;quot;description&amp;quot;:&amp;quot;Ditt skydd pÃ¥ internet med tillÃ¤gg frÃ¥n Kaspersky Lab&amp;quot;,&amp;quot;creator&amp;quot;:null,&amp;quot;homepageURL&amp;quot;:null},{&amp;quot;locales&amp;quot;:[&amp;quot;zh-Hans&amp;quot;],&amp;quot;name&amp;quot;:&amp;quot;å�¡å·´æ–¯åŸºä¿�æŠ¤&amp;quot;,&amp;quot;description&amp;quot;:&amp;quot;ä½¿ç”¨å�¡å·´æ–¯åŸºå®žéªŒå®¤çš„æ‰©å±•åŠŸèƒ½å¯¹æ‚¨çš„äº’è�”ç½‘çš„ä¿�æŠ¤ã€‚&amp;quot;,&amp;quot;creator&amp;quot;:null,&amp;quot;homepageURL&amp;quot;:null}],&amp;quot;targetApplications&amp;quot;:[{&amp;quot;id&amp;quot;:&amp;quot;{ec8030f7-c20a-464f-9b0e-13a3a9e97384}&amp;quot;,&amp;quot;minVersion&amp;quot;:&amp;quot;26.0&amp;quot;,&amp;quot;maxVersion&amp;quot;:&amp;quot;30.0&amp;quot;}],&amp;quot;targetPlatforms&amp;quot;:[],&amp;quot;multiprocessCompatible&amp;quot;:false,&amp;quot;signedState&amp;quot;:-2}
1455204403046	DeferredSave.extensions.json	DEBUG	Save changes
1455204403046	addons.xpi	DEBUG	Updating database with changes to installed add-ons
1455204403046	addons.xpi-utils	DEBUG	Updating add-on states
1455204403050	addons.xpi-utils	DEBUG	Writing add-ons list
1455204403108	addons.xpi	DEBUG	Registering manifest for C:\Program Files (x86)\Mozilla Firefox\browser\extensions\{82AF8DCA-6DE9-405D-BD5E-43525BDAD38A}.xpi
1455204403115	addons.xpi	DEBUG	Calling bootstrap method startup on {82AF8DCA-6DE9-405D-BD5E-43525BDAD38A} version 8.0.0.9103
1455204403674	addons.manager	DEBUG	Registering shutdown blocker for XPIProvider
1455204403675	addons.manager	DEBUG	Provider finished startup: XPIProvider
1455204403675	addons.manager	DEBUG	Starting provider: LightweightThemeManager
1455204403675	addons.manager	DEBUG	Registering shutdown blocker for LightweightThemeManager
1455204403676	addons.manager	DEBUG	Provider finished startup: LightweightThemeManager
1455204403677	addons.manager	DEBUG	Starting provider: GMPProvider
1455204403718	addons.manager	DEBUG	Registering shutdown blocker for GMPProvider
1455204403718	addons.manager	DEBUG	Provider finished startup: GMPProvider
1455204403719	addons.manager	DEBUG	Starting provider: PluginProvider
1455204403719	addons.manager	DEBUG	Registering shutdown blocker for PluginProvider
1455204403720	addons.manager	DEBUG	Provider finished startup: PluginProvider
1455204403720	addons.manager	DEBUG	Completed startup sequence

Build info: version: &amp;apos;2.50.1&amp;apos;, revision: &amp;apos;d7fc91b&amp;apos;, time: &amp;apos;2016-01-29 19:04:49&amp;apos;
System info: host: &amp;apos;PHEGDE&amp;apos;, ip: &amp;apos;192.168.0.103&amp;apos;, os.name: &amp;apos;Windows NT (unknown)&amp;apos;, os.arch: &amp;apos;amd64&amp;apos;, os.version: &amp;apos;6.2&amp;apos;, java.version: &amp;apos;1.7.0_03&amp;apos;
Driver info: driver.version: FirefoxDriver">
      <![CDATA[org.openqa.selenium.WebDriverException: Failed to connect to binary FirefoxBinary(C:\Program Files (x86)\Mozilla Firefox\firefox.exe) on port 7055; process output follows: 
Lab","creator":null,"homepageURL":null},{"locales":["en"],"name":"Kaspersky Protection","description":"Your protection on the Internet with extension from Kaspersky Lab","creator":null,"homepageURL":null},{"locales":["es-MX"],"name":"Kaspersky Protection","description":"Su protecciÃ³n en Internet con la extensiÃ³n de Kaspersky Lab","creator":null,"homepageURL":null},{"locales":["et"],"name":"Kaspersky Kaitse","description":"Your protection on the Internet with extension from Kaspersky Lab","creator":null,"homepageURL":null},{"locales":["fi"],"name":"Kaspersky Protection","description":"Suojauksesi InternetissÃ¤ kÃ¤yttÃ¤en Kaspersky Labin laajennusta","creator":null,"homepageURL":null},{"locales":["fr"],"name":"Kaspersky Protection","description":"Votre protection sur Internet avec l\\","creator":null,"homepageURL":null},{"locales":["hu"],"name":"Kaspersky vï¿½delem","description":"Your protection on the Internet with extension from Kaspersky Lab","creator":null,"homepageURL":null},{"locales":["ja"],"name":"ã‚«ã‚¹ãƒšãƒ«ã‚¹ã‚­ãƒ¼ ãƒ—ãƒ©ã‚°ã‚¤ãƒ³","description":"ã‚¤ãƒ³ã‚¿ãƒ¼ãƒ�ãƒƒãƒˆã‚’å®‰å…¨ã�«ä½¿ç”¨ã�™ã‚‹ã�Ÿã‚�ã�® Kaspersky Lab ã�®æ‹¡å¼µæ©Ÿèƒ½","creator":null,"homepageURL":null},{"locales":["mk"],"name":"Kaspersky Protection","description":"Ð’Ð°ÑˆÐ° Ð·Ð°ÑˆÑ‚Ð¸Ñ‚Ð° Ð½Ð° Ð¸Ð½Ñ‚ÐµÑ€Ð½ÐµÑ‚ Ñ�Ð¾ Ð´Ð¾Ð´Ð°Ñ‚Ð¾Ðº Ð¾Ð´ Kaspersky Lab","creator":null,"homepageURL":null},{"locales":["nb"],"name":"Kaspersky Protection","description":"Din beskyttelse pÃ¥ Internett med utvidelsen fra Kaspersky Lab","creator":null,"homepageURL":null},{"locales":["nl"],"name":"Kaspersky Bescherming","description":"Uw bescherming op het internet met de extensie van Kaspersky Lab","creator":null,"homepageURL":null},{"locales":["pt-BR"],"name":"ProteÃ§Ã£o Kaspersky","description":"Sua proteÃ§Ã£o na Internet com a extensÃ£o da Kaspersky Lab","creator":null,"homepageURL":null},{"locales":["ru"],"name":"Kaspersky Protection","description":"Ð’Ð°ÑˆÐ° Ð·Ð°Ñ‰Ð¸Ñ‚Ð° Ð² Ð¸Ð½Ñ‚ÐµÑ€Ð½ÐµÑ‚Ðµ Ñ� Ñ€Ð°Ñ�ÑˆÐ¸Ñ€ÐµÐ½Ð¸ÐµÐ¼ Ð¾Ñ‚ \\\"Ð›Ð°Ð±Ð¾Ñ€Ð°Ñ‚Ð¾Ñ€Ð¸Ð¸ ÐšÐ°Ñ�Ð¿ÐµÑ€Ñ�ÐºÐ¾Ð³Ð¾\\\"","creator":null,"homepageURL":null},{"locales":["sv"],"name":"Kaspersky Protection","description":"Ditt skydd pÃ¥ internet med tillÃ¤gg frÃ¥n Kaspersky Lab","creator":null,"homepageURL":null},{"locales":["zh-Hans"],"name":"å�¡å·´æ–¯åŸºä¿�æŠ¤","description":"ä½¿ç”¨å�¡å·´æ–¯åŸºå®žéªŒå®¤çš„æ‰©å±•åŠŸèƒ½å¯¹æ‚¨çš„äº’è�”ç½‘çš„ä¿�æŠ¤ã€‚","creator":null,"homepageURL":null}],"targetApplications":[{"id":"{ec8030f7-c20a-464f-9b0e-13a3a9e97384}","minVersion":"26.0","maxVersion":"30.0"}],"targetPlatforms":[],"multiprocessCompatible":false,"signedState":-2}
1455204403046	DeferredSave.extensions.json	DEBUG	Save changes
1455204403046	addons.xpi	DEBUG	Updating database with changes to installed add-ons
1455204403046	addons.xpi-utils	DEBUG	Updating add-on states
1455204403050	addons.xpi-utils	DEBUG	Writing add-ons list
1455204403108	addons.xpi	DEBUG	Registering manifest for C:\Program Files (x86)\Mozilla Firefox\browser\extensions\{82AF8DCA-6DE9-405D-BD5E-43525BDAD38A}.xpi
1455204403115	addons.xpi	DEBUG	Calling bootstrap method startup on {82AF8DCA-6DE9-405D-BD5E-43525BDAD38A} version 8.0.0.9103
1455204403674	addons.manager	DEBUG	Registering shutdown blocker for XPIProvider
1455204403675	addons.manager	DEBUG	Provider finished startup: XPIProvider
1455204403675	addons.manager	DEBUG	Starting provider: LightweightThemeManager
1455204403675	addons.manager	DEBUG	Registering shutdown blocker for LightweightThemeManager
1455204403676	addons.manager	DEBUG	Provider finished startup: LightweightThemeManager
1455204403677	addons.manager	DEBUG	Starting provider: GMPProvider
1455204403718	addons.manager	DEBUG	Registering shutdown blocker for GMPProvider
1455204403718	addons.manager	DEBUG	Provider finished startup: GMPProvider
1455204403719	addons.manager	DEBUG	Starting provider: PluginProvider
1455204403719	addons.manager	DEBUG	Registering shutdown blocker for PluginProvider
1455204403720	addons.manager	DEBUG	Provider finished startup: PluginProvider
1455204403720	addons.manager	DEBUG	Completed startup sequence

Build info: version: '2.50.1', revision: 'd7fc91b', time: '2016-01-29 19:04:49'
System info: host: 'PHEGDE', ip: '192.168.0.103', os.name: 'Windows NT (unknown)', os.arch: 'amd64', os.version: '6.2', java.version: '1.7.0_03'
Driver info: driver.version: FirefoxDriver
	at org.openqa.selenium.firefox.internal.NewProfileExtensionConnection.start(NewProfileExtensionConnection.java:134)
	at org.openqa.selenium.firefox.FirefoxDriver.startClient(FirefoxDriver.java:271)
	at org.openqa.selenium.remote.RemoteWebDriver.<init>(RemoteWebDriver.java:119)
	at org.openqa.selenium.firefox.FirefoxDriver.<init>(FirefoxDriver.java:218)
	at org.openqa.selenium.firefox.FirefoxDriver.<init>(FirefoxDriver.java:211)
	at org.openqa.selenium.firefox.FirefoxDriver.<init>(FirefoxDriver.java:207)
	at org.openqa.selenium.firefox.FirefoxDriver.<init>(FirefoxDriver.java:120)
	at automationFramework.MultiBrowser.beforeTest(MultiBrowser.java:30)
	at java.util.concurrent.FutureTask$Sync.innerRun(Unknown Source)
	at java.util.concurrent.FutureTask.run(Unknown Source)
	at java.util.concurrent.ThreadPoolExecutor.runWorker(Unknown Source)
	at java.util.concurrent.ThreadPoolExecutor$Worker.run(Unknown Source)
	at java.lang.Thread.run(Unknown Source)
Caused by: org.openqa.selenium.firefox.NotConnectedException: Unable to connect to host 127.0.0.1 on port 7055 after 45000 ms. Firefox console output:
Lab","creator":null,"homepageURL":null},{"locales":["en"],"name":"Kaspersky Protection","description":"Your protection on the Internet with extension from Kaspersky Lab","creator":null,"homepageURL":null},{"locales":["es-MX"],"name":"Kaspersky Protection","description":"Su protecciÃ³n en Internet con la extensiÃ³n de Kaspersky Lab","creator":null,"homepageURL":null},{"locales":["et"],"name":"Kaspersky Kaitse","description":"Your protection on the Internet with extension from Kaspersky Lab","creator":null,"homepageURL":null},{"locales":["fi"],"name":"Kaspersky Protection","description":"Suojauksesi InternetissÃ¤ kÃ¤yttÃ¤en Kaspersky Labin laajennusta","creator":null,"homepageURL":null},{"locales":["fr"],"name":"Kaspersky Protection","description":"Votre protection sur Internet avec l\\","creator":null,"homepageURL":null},{"locales":["hu"],"name":"Kaspersky vï¿½delem","description":"Your protection on the Internet with extension from Kaspersky Lab","creator":null,"homepageURL":null},{"locales":["ja"],"name":"ã‚«ã‚¹ãƒšãƒ«ã‚¹ã‚­ãƒ¼ ãƒ—ãƒ©ã‚°ã‚¤ãƒ³","description":"ã‚¤ãƒ³ã‚¿ãƒ¼ãƒ�ãƒƒãƒˆã‚’å®‰å…¨ã�«ä½¿ç”¨ã�™ã‚‹ã�Ÿã‚�ã�® Kaspersky Lab ã�®æ‹¡å¼µæ©Ÿèƒ½","creator":null,"homepageURL":null},{"locales":["mk"],"name":"Kaspersky Protection","description":"Ð’Ð°ÑˆÐ° Ð·Ð°ÑˆÑ‚Ð¸Ñ‚Ð° Ð½Ð° Ð¸Ð½Ñ‚ÐµÑ€Ð½ÐµÑ‚ Ñ�Ð¾ Ð´Ð¾Ð´Ð°Ñ‚Ð¾Ðº Ð¾Ð´ Kaspersky Lab","creator":null,"homepageURL":null},{"locales":["nb"],"name":"Kaspersky Protection","description":"Din beskyttelse pÃ¥ Internett med utvidelsen fra Kaspersky Lab","creator":null,"homepageURL":null},{"locales":["nl"],"name":"Kaspersky Bescherming","description":"Uw bescherming op het internet met de extensie van Kaspersky Lab","creator":null,"homepageURL":null},{"locales":["pt-BR"],"name":"ProteÃ§Ã£o Kaspersky","description":"Sua proteÃ§Ã£o na Internet com a extensÃ£o da Kaspersky Lab","creator":null,"homepageURL":null},{"locales":["ru"],"name":"Kaspersky Protection","description":"Ð’Ð°ÑˆÐ° Ð·Ð°Ñ‰Ð¸Ñ‚Ð° Ð² Ð¸Ð½Ñ‚ÐµÑ€Ð½ÐµÑ‚Ðµ Ñ� Ñ€Ð°Ñ�ÑˆÐ¸Ñ€ÐµÐ½Ð¸ÐµÐ¼ Ð¾Ñ‚ \\\"Ð›Ð°Ð±Ð¾Ñ€Ð°Ñ‚Ð¾Ñ€Ð¸Ð¸ ÐšÐ°Ñ�Ð¿ÐµÑ€Ñ�ÐºÐ¾Ð³Ð¾\\\"","creator":null,"homepageURL":null},{"locales":["sv"],"name":"Kaspersky Protection","description":"Ditt skydd pÃ¥ internet med tillÃ¤gg frÃ¥n Kaspersky Lab","creator":null,"homepageURL":null},{"locales":["zh-Hans"],"name":"å�¡å·´æ–¯åŸºä¿�æŠ¤","description":"ä½¿ç”¨å�¡å·´æ–¯åŸºå®žéªŒå®¤çš„æ‰©å±•åŠŸèƒ½å¯¹æ‚¨çš„äº’è�”ç½‘çš„ä¿�æŠ¤ã€‚","creator":null,"homepageURL":null}],"targetApplications":[{"id":"{ec8030f7-c20a-464f-9b0e-13a3a9e97384}","minVersion":"26.0","maxVersion":"30.0"}],"targetPlatforms":[],"multiprocessCompatible":false,"signedState":-2}
1455204403046	DeferredSave.extensions.json	DEBUG	Save changes
1455204403046	addons.xpi	DEBUG	Updating database with changes to installed add-ons
1455204403046	addons.xpi-utils	DEBUG	Updating add-on states
1455204403050	addons.xpi-utils	DEBUG	Writing add-ons list
1455204403108	addons.xpi	DEBUG	Registering manifest for C:\Program Files (x86)\Mozilla Firefox\browser\extensions\{82AF8DCA-6DE9-405D-BD5E-43525BDAD38A}.xpi
1455204403115	addons.xpi	DEBUG	Calling bootstrap method startup on {82AF8DCA-6DE9-405D-BD5E-43525BDAD38A} version 8.0.0.9103
1455204403674	addons.manager	DEBUG	Registering shutdown blocker for XPIProvider
1455204403675	addons.manager	DEBUG	Provider finished startup: XPIProvider
1455204403675	addons.manager	DEBUG	Starting provider: LightweightThemeManager
1455204403675	addons.manager	DEBUG	Registering shutdown blocker for LightweightThemeManager
1455204403676	addons.manager	DEBUG	Provider finished startup: LightweightThemeManager
1455204403677	addons.manager	DEBUG	Starting provider: GMPProvider
1455204403718	addons.manager	DEBUG	Registering shutdown blocker for GMPProvider
1455204403718	addons.manager	DEBUG	Provider finished startup: GMPProvider
1455204403719	addons.manager	DEBUG	Starting provider: PluginProvider
1455204403719	addons.manager	DEBUG	Registering shutdown blocker for PluginProvider
1455204403720	addons.manager	DEBUG	Provider finished startup: PluginProvider
1455204403720	addons.manager	DEBUG	Completed startup sequence

	at org.openqa.selenium.firefox.internal.NewProfileExtensionConnection.start(NewProfileExtensionConnection.java:122)
	... 28 more
... Removed 16 stack frames]]>
    </failure>
  </testcase> <!-- @BeforeClass beforeTest -->
  <testcase name="@AfterClass afterTest" time="0.0" classname="automationFramework.MultiBrowser">
    <skipped/>
  </testcase> <!-- @AfterClass afterTest -->
  <testcase name="login" time="0.002" classname="automationFramework.MultiBrowser">
    <skipped/>
  </testcase> <!-- login -->
</testsuite> <!-- FirefoxTest -->
