<?xml version="1.0" encoding="UTF-8"?>
<!-- Generated by org.testng.reporters.JUnitXMLReporter -->
<testsuite hostname="PHEGDE" name="Default test" tests="4" failures="0" timestamp="20 Jan 2016 16:54:18 GMT" time="0.031" errors="0">
  <testcase name="BookFlight" time="0.0" classname="SwiftSeleniumWeb.WebDriverTest"/>
  <testcase name="Login" time="0.0" classname="SwiftSeleniumWeb.WebDriverTest"/>
  <testcase name="f" time="0.0" classname="SwiftSeleniumWeb.WebDriverTest"/>
  <testcase name="f" time="0.016" classname="SwiftSeleniumWeb.WebDriverTest"/>
</testsuite> <!-- Default test -->
