<?xml version="1.0" encoding="UTF-8"?>
<testng-results skipped="0" failed="0" total="2" passed="2">
  <reporter-output>
  </reporter-output>
  <suite name="Parallel test runs" duration-ms="27643" started-at="2016-02-11T16:04:27Z" finished-at="2016-02-11T16:04:55Z">
    <groups>
    </groups>
    <test name="T_02" duration-ms="19185" started-at="2016-02-11T16:04:27Z" finished-at="2016-02-11T16:04:46Z">
      <class name="testNG.Parallel.Test02">
        <test-method status="PASS" signature="setUp()[pri:0, instance:testNG.Parallel.Test02@35cc96e8]" name="setUp" is-config="true" duration-ms="8916" started-at="2016-02-11T21:34:27Z" finished-at="2016-02-11T21:34:36Z">
          <reporter-output>
          </reporter-output>
        </test-method> <!-- setUp -->
        <test-method status="PASS" signature="testLink()[pri:0, instance:testNG.Parallel.Test02@35cc96e8]" name="testLink" duration-ms="8949" started-at="2016-02-11T21:34:36Z" finished-at="2016-02-11T21:34:45Z">
          <reporter-output>
          </reporter-output>
        </test-method> <!-- testLink -->
        <test-method status="PASS" signature="closeBrowser()[pri:0, instance:testNG.Parallel.Test02@35cc96e8]" name="closeBrowser" is-config="true" duration-ms="1311" started-at="2016-02-11T21:34:45Z" finished-at="2016-02-11T21:34:46Z">
          <reporter-output>
          </reporter-output>
        </test-method> <!-- closeBrowser -->
      </class> <!-- testNG.Parallel.Test02 -->
    </test> <!-- T_02 -->
    <test name="T_01" duration-ms="27643" started-at="2016-02-11T16:04:27Z" finished-at="2016-02-11T16:04:55Z">
      <class name="testNG.Parallel.Test01">
        <test-method status="PASS" signature="setUp()[pri:0, instance:testNG.Parallel.Test01@4f85aa63]" name="setUp" is-config="true" duration-ms="20865" started-at="2016-02-11T21:34:27Z" finished-at="2016-02-11T21:34:48Z">
          <reporter-output>
          </reporter-output>
        </test-method> <!-- setUp -->
        <test-method status="PASS" signature="testLink()[pri:0, instance:testNG.Parallel.Test01@4f85aa63]" name="testLink" duration-ms="6106" started-at="2016-02-11T21:34:48Z" finished-at="2016-02-11T21:34:54Z">
          <reporter-output>
          </reporter-output>
        </test-method> <!-- testLink -->
        <test-method status="PASS" signature="closeBrowser()[pri:0, instance:testNG.Parallel.Test01@4f85aa63]" name="closeBrowser" is-config="true" duration-ms="667" started-at="2016-02-11T21:34:54Z" finished-at="2016-02-11T21:34:55Z">
          <reporter-output>
          </reporter-output>
        </test-method> <!-- closeBrowser -->
      </class> <!-- testNG.Parallel.Test01 -->
    </test> <!-- T_01 -->
  </suite> <!-- Parallel test runs -->
  <suite name="My Test Suite" duration-ms="0" started-at="2016-02-11T16:04:55Z" finished-at="2016-02-11T16:04:55Z">
    <groups>
    </groups>
  </suite> <!-- My Test Suite -->
</testng-results>
